04/Feb/2026:14:23:42 +0000 => GET /api/salutations/hazard 200 - 6.970 ms
04/Feb/2026:14:23:44 +0000 => GET /api/salutations/hazard 200 - 1.491 ms
04/Feb/2026:14:23:49 +0000 => GET /api/salutations 404 - 1.388 ms
04/Feb/2026:14:23:53 +0000 => GET /api 304 - 0.485 ms
04/Feb/2026:14:25:46 +0000 => GET /api 200 - 0.417 ms
04/Feb/2026:14:25:51 +0000 => GET /api/salutations/liste 200 - 2.151 ms
04/Feb/2026:14:26:01 +0000 => POST /api/salutations/hazard 404 - 1.161 ms
04/Feb/2026:14:26:09 +0000 => GET /api/salutations/hazard 200 - 2.229 ms
04/Feb/2026:14:26:12 +0000 => GET /api/salutations/hazard 200 - 0.607 ms
04/Feb/2026:14:26:24 +0000 => POST /api/salutations 500 - 2.735 ms
04/Feb/2026:14:26:43 +0000 => GET /api/salutations 404 - 0.459 ms
04/Feb/2026:14:28:14 +0000 => POST /api/salutations 201 - 26.300 ms
04/Feb/2026:14:30:06 +0000 => GET /api/salutations/liste 200 - 1.350 ms
04/Feb/2026:14:31:01 +0000 => GET /api/salutations/hasard?langue=[fr] 404 - 0.662 ms
04/Feb/2026:14:31:13 +0000 => GET /api/salutations/hasard?langue=fr 404 - 0.515 ms
04/Feb/2026:14:32:54 +0000 => GET /api/salutations/hasard?langue=en 404 - 0.736 ms
04/Feb/2026:14:35:58 +0000 => GET /api/salutations/hasard?langue=en 404 - 0.460 ms
04/Feb/2026:14:35:59 +0000 => GET /api/salutations/hasard?langue=en 404 - 0.808 ms
04/Feb/2026:14:35:59 +0000 => GET /api/salutations/hasard?langue=en 404 - 1.166 ms
04/Feb/2026:14:36:00 +0000 => GET /api/salutations/hasard?langue=en 404 - 3.788 ms
04/Feb/2026:14:36:00 +0000 => GET /api/salutations/hasard?langue=en 404 - 1.120 ms
04/Feb/2026:14:36:54 +0000 => GET /api/salutations/hasard?langue=en 404 - 0.809 ms
04/Feb/2026:14:36:55 +0000 => GET /api/salutations/hasard?langue=en 404 - 0.523 ms
04/Feb/2026:14:36:55 +0000 => GET /api/salutations/hasard?langue=en 404 - 2.347 ms
04/Feb/2026:14:36:55 +0000 => GET /api/salutations/hasard?langue=en 404 - 0.692 ms
04/Feb/2026:14:37:06 +0000 => GET /api/salutations/hazard 200 - 0.746 ms
04/Feb/2026:14:37:10 +0000 => GET /api/salutations/hazard 200 - 0.331 ms
04/Feb/2026:14:37:18 +0000 => GET /api/salutations/hazard?langue=en 500 - 1.100 ms
04/Feb/2026:14:38:47 +0000 => GET /api/salutations/hazard?langue=en 404 - 3.910 ms
04/Feb/2026:14:38:57 +0000 => GET /api/salutations/hasard?langue=en 200 - 3.034 ms
04/Feb/2026:14:39:09 +0000 => GET /api/salutations/hasard?langue=fr 200 - 0.602 ms
04/Feb/2026:14:39:12 +0000 => GET /api/salutations/hasard?langue=ca 404 - 0.598 ms
06/Feb/2026:10:41:16 +0000 => GET / 200 - 7.123 ms
06/Feb/2026:10:41:16 +0000 => GET /favicon.ico 404 - 3.722 ms
06/Fev/2026:11:17:48 +0000 => GET / 304 - 5.352 ms
06/Fev/2026:11:17:55 +0000 => GET /api/salutations/liste 500 - 23.080 ms
06/Fev/2026:11:18:07 +0000 => GET /api/salutations/ 404 - 2.599 ms
06/Fev/2026:11:18:09 +0000 => GET /api/salutations 404 - 1.128 ms
06/Fev/2026:11:18:12 +0000 => GET / 304 - 0.531 ms
06/Fev/2026:11:18:14 +0000 => GET /api/salutations/hazard 404 - 0.367 ms
06/Fev/2026:11:18:18 +0000 => GET /api 200 - 0.393 ms
06/Fev/2026:11:18:23 +0000 => GET /api/salutations 404 - 0.411 ms
06/Fev/2026:11:18:39 +0000 => GET /api/salutations/liste 500 - 1.216 ms
06/Fev/2026:11:19:05 +0000 => GET /api/salutations/liste 500 - 1.525 ms
06/Fev/2026:11:23:13 +0000 => GET /api/salutations/liste 500 - 24.859 ms
06/Fev/2026:11:25:45 +0000 => GET /api/salutations/liste 500 - 28.629 ms
06/Fev/2026:11:27:36 +0000 => GET /api/salutations/liste 500 - 33.533 ms
06/Fev/2026:11:27:38 +0000 => GET /api/salutations/liste 500 - 2.058 ms
06/Fev/2026:11:27:39 +0000 => GET /api/salutations/liste 500 - 1.697 ms
06/Fev/2026:11:28:08 +0000 => GET /api/salutations/liste 200 - 46.749 ms
06/Fev/2026:11:41:56 +0000 => GET /api/salutations/liste 304 - 70.010 ms
